<?xml version="1.0" encoding="UTF-8"?>
<!-- Generated by org.testng.reporters.JUnitReportReporter -->
<testsuite hostname="DESKTOP-CH0GL2S" failures="0" tests="2" name="NewEmptyTestNGTest" time="10.980" errors="0" timestamp="2023-02-14T16:37:29 PST" skipped="0">
  <testcase classname="NewEmptyTestNGTest" name="testLogoName" time="7.682"/>
  <system-out/>
  <testcase classname="NewEmptyTestNGTest" name="testWeddings2023" time="3.298"/>
  <system-out/>
</testsuite> <!-- NewEmptyTestNGTest -->
