<?xml version="1.0" encoding="UTF-8"?>
<!-- Generated by org.testng.reporters.JUnitReportReporter -->
<testsuite skipped="0" hostname="DESKTOP-CH0GL2S" name="specs.HomeTest" tests="1" failures="0" timestamp="2023-03-06T16:19:18 PST" time="16.626" errors="0">
  <testcase name="testInstagram" time="16.626" classname="specs.HomeTest"/>
  <system-out/>
</testsuite> <!-- specs.HomeTest -->
