<?xml version="1.0" encoding="UTF-8"?>
<!-- Generated by org.testng.reporters.JUnitReportReporter -->
<testsuite hostname="DESKTOP-CH0GL2S" failures="0" tests="1" name="specs.HomeTest" time="12.593" errors="0" timestamp="2023-02-15T11:57:57 PST" skipped="0">
  <testcase classname="specs.HomeTest" name="testWeddingProgramAndButtons" time="12.593"/>
  <system-out/>
</testsuite> <!-- specs.HomeTest -->
