<?xml version="1.0" encoding="UTF-8"?>
<!-- Generated by org.testng.reporters.JUnitReportReporter -->
<testsuite skipped="0" hostname="DESKTOP-CH0GL2S" name="specs.WeddingPageTest" tests="1" failures="0" timestamp="2023-03-06T16:16:47 PST" time="2.604" errors="0">
  <testcase name="testWedding2023" time="2.604" classname="specs.WeddingPageTest"/>
  <system-out/>
</testsuite> <!-- specs.WeddingPageTest -->
