<?xml version="1.0" encoding="UTF-8"?>
<!-- Generated by org.testng.reporters.JUnitReportReporter -->
<testsuite hostname="DESKTOP-CH0GL2S" failures="0" tests="1" name="specs.HomeTest" time="13.875" errors="0" timestamp="2023-02-28T22:16:12 PST" skipped="0">
  <testcase classname="specs.HomeTest" name="testLogoName" time="13.875"/>
  <system-out/>
</testsuite> <!-- specs.HomeTest -->
