<?xml version="1.0" encoding="UTF-8"?>
<!-- Generated by org.testng.reporters.JUnitReportReporter -->
<testsuite skipped="0" hostname="DESKTOP-CH0GL2S" name="specs.HomeTest" tests="6" failures="0" timestamp="2023-03-20T15:27:02 PDT" time="59.528" errors="0">
  <testcase name="testYoutube" time="12.328" classname="specs.HomeTest"/>
  <system-out/>
  <testcase name="testLogoName" time="8.214" classname="specs.HomeTest"/>
  <system-out/>
  <testcase name="testFacebook" time="16.879" classname="specs.HomeTest"/>
  <system-out/>
  <testcase name="testVk" time="9.997" classname="specs.HomeTest"/>
  <system-out/>
  <testcase name="testPrices" time="1.712" classname="specs.HomeTest"/>
  <system-out/>
  <testcase name="testInstagram" time="10.398" classname="specs.HomeTest"/>
  <system-out/>
</testsuite> <!-- specs.HomeTest -->
