<?xml version="1.0" encoding="UTF-8"?>
<!-- Generated by org.testng.reporters.JUnitReportReporter -->
<testsuite hostname="DESKTOP-CH0GL2S" failures="0" tests="1" name="specs.WeddingPageTest" time="12.779" errors="0" timestamp="2023-02-15T14:46:46 PST" skipped="0">
  <testcase classname="specs.WeddingPageTest" name="testWedding2023" time="12.779"/>
  <system-out/>
</testsuite> <!-- specs.WeddingPageTest -->
