<?xml version="1.0" encoding="UTF-8"?>
<!-- Generated by org.testng.reporters.JUnitReportReporter -->
<testsuite skipped="0" hostname="DESKTOP-CH0GL2S" name="specs.WeddingPageTest" tests="2" failures="0" timestamp="2023-03-20T15:27:02 PDT" time="3.138" errors="0">
  <testcase name="testWedding2023" time="1.634" classname="specs.WeddingPageTest"/>
  <system-out/>
  <testcase name="learnMore" time="1.504" classname="specs.WeddingPageTest"/>
  <system-out/>
</testsuite> <!-- specs.WeddingPageTest -->
